<?xml version="1.0" encoding="UTF-8"?>
<testng-results ignored="0" total="1" passed="1" failed="0" skipped="0">
  <reporter-output>
  </reporter-output>
  <suite started-at="2023-01-18T17:32:26 IST" name="Default suite" finished-at="2023-01-18T17:32:59 IST" duration-ms="33447">
    <groups>
    </groups>
    <test started-at="2023-01-18T17:32:26 IST" name="Default test" finished-at="2023-01-18T17:32:59 IST" duration-ms="33447">
      <class name="com.testNGpractice.digi">
        <test-method signature="Assignment()[pri:0, instance:com.testNGpractice.digi@31ea9581]" started-at="2023-01-18T17:32:26 IST" name="Assignment" finished-at="2023-01-18T17:32:59 IST" duration-ms="33424" status="PASS">
          <reporter-output>
          </reporter-output>
        </test-method> <!-- Assignment -->
      </class> <!-- com.testNGpractice.digi -->
    </test> <!-- Default test -->
  </suite> <!-- Default suite -->
</testng-results>
